
*** Running vivado
    with args -log Top.vds -m64 -mode batch -messageDb vivado.pb -notrace -source Top.tcl


****** Vivado v2016.2 (64-bit)
  **** SW Build 1577090 on Thu Jun  2 16:32:40 MDT 2016
  **** IP Build 1577682 on Fri Jun  3 12:00:54 MDT 2016
    ** Copyright 1986-2016 Xilinx, Inc. All Rights Reserved.

source Top.tcl -notrace
Command: synth_design -top Top -part xc7a100tcsg324-1
Starting synth_design
Attempting to get a license for feature 'Synthesis' and/or device 'xc7a100t'
INFO: [Common 17-349] Got license for feature 'Synthesis' and/or device 'xc7a100t'
INFO: Launching helper process for spawning children vivado processes
INFO: Helper process launched with PID 25496 
---------------------------------------------------------------------------------
Starting RTL Elaboration : Time (s): cpu = 00:00:01 ; elapsed = 00:00:04 . Memory (MB): peak = 305.352 ; gain = 98.273
---------------------------------------------------------------------------------
INFO: [Synth 8-638] synthesizing module 'Top' [E:/work/tju/DE/Final/ball/project_1/project_1.srcs/sources_1/imports/new/Top.v:3]
INFO: [Synth 8-638] synthesizing module 'bluetooth_uart_receive' [E:/work/tju/DE/Final/ball/project_1/project_1.srcs/sources_1/imports/new/bluetooth.v:4]
	Parameter CLK_FREQ bound to: 100000000 - type: integer 
	Parameter UART_BPS bound to: 9600 - type: integer 
	Parameter BPS_CNT bound to: 10416 - type: integer 
INFO: [Synth 8-256] done synthesizing module 'bluetooth_uart_receive' (1#1) [E:/work/tju/DE/Final/ball/project_1/project_1.srcs/sources_1/imports/new/bluetooth.v:4]
INFO: [Synth 8-638] synthesizing module 'display7' [E:/work/tju/DE/Final/ball/project_1/project_1.srcs/sources_1/imports/new/display.v:3]
INFO: [Synth 8-256] done synthesizing module 'display7' (2#1) [E:/work/tju/DE/Final/ball/project_1/project_1.srcs/sources_1/imports/new/display.v:3]
INFO: [Synth 8-638] synthesizing module 'Top_module_of_game' [E:/work/tju/DE/Final/ball/project_1/project_1.srcs/sources_1/imports/new/Game.v:4]
INFO: [Synth 8-638] synthesizing module 'VGA_display' [E:/work/tju/DE/Final/ball/project_1/project_1.srcs/sources_1/imports/new/VGA_display.v:8]
	Parameter PAL bound to: 640 - type: integer 
	Parameter LAF bound to: 480 - type: integer 
	Parameter PLD bound to: 800 - type: integer 
	Parameter LFD bound to: 521 - type: integer 
	Parameter HPW bound to: 96 - type: integer 
	Parameter HFP bound to: 16 - type: integer 
	Parameter VPW bound to: 2 - type: integer 
	Parameter VFP bound to: 10 - type: integer 
	Parameter UP_BOUND bound to: 10 - type: integer 
	Parameter DOWN_BOUND bound to: 480 - type: integer 
	Parameter LEFT_BOUND bound to: 20 - type: integer 
	Parameter RIGHT_BOUND bound to: 630 - type: integer 
	Parameter BLOCK_DOWN_first bound to: 70 - type: integer 
	Parameter BLOCK_DOWN_second bound to: 35 - type: integer 
	Parameter BLOCK_WIDTH bound to: 63 - type: integer 
	Parameter ball_r bound to: 10 - type: integer 
	Parameter ball_num bound to: 10 - type: integer 
	Parameter block_init bound to: 20'b11111111111111111111 
INFO: [Synth 8-256] done synthesizing module 'VGA_display' (3#1) [E:/work/tju/DE/Final/ball/project_1/project_1.srcs/sources_1/imports/new/VGA_display.v:8]
INFO: [Synth 8-256] done synthesizing module 'Top_module_of_game' (4#1) [E:/work/tju/DE/Final/ball/project_1/project_1.srcs/sources_1/imports/new/Game.v:4]
INFO: [Synth 8-256] done synthesizing module 'Top' (5#1) [E:/work/tju/DE/Final/ball/project_1/project_1.srcs/sources_1/imports/new/Top.v:3]
---------------------------------------------------------------------------------
Finished RTL Elaboration : Time (s): cpu = 00:00:01 ; elapsed = 00:00:05 . Memory (MB): peak = 342.785 ; gain = 135.707
---------------------------------------------------------------------------------

Report Check Netlist: 
+------+------------------+-------+---------+-------+------------------+
|      |Item              |Errors |Warnings |Status |Description       |
+------+------------------+-------+---------+-------+------------------+
|1     |multi_driven_nets |      0|        0|Passed |Multi driven nets |
+------+------------------+-------+---------+-------+------------------+
---------------------------------------------------------------------------------
Finished RTL Optimization Phase 1 : Time (s): cpu = 00:00:01 ; elapsed = 00:00:05 . Memory (MB): peak = 342.785 ; gain = 135.707
---------------------------------------------------------------------------------
INFO: [Device 21-403] Loading part xc7a100tcsg324-1
INFO: [Project 1-570] Preparing netlist for logic optimization

Processing XDC Constraints
Initializing timing engine
Parsing XDC File [E:/work/tju/DE/Final/ball/project_1/project_1.srcs/constrs_1/imports/new/color_game.xdc]
WARNING: [Vivado 12-507] No nets matched 'iPause_IBUF'. [E:/work/tju/DE/Final/ball/project_1/project_1.srcs/constrs_1/imports/new/color_game.xdc:42]
CRITICAL WARNING: [Common 17-55] 'set_property' expects at least one object. [E:/work/tju/DE/Final/ball/project_1/project_1.srcs/constrs_1/imports/new/color_game.xdc:42]
Resolution: If [get_<value>] was used to populate the object, check to make sure this command returns at least one valid object.
Finished Parsing XDC File [E:/work/tju/DE/Final/ball/project_1/project_1.srcs/constrs_1/imports/new/color_game.xdc]
INFO: [Project 1-236] Implementation specific constraints were found while reading constraint file [E:/work/tju/DE/Final/ball/project_1/project_1.srcs/constrs_1/imports/new/color_game.xdc]. These constraints will be ignored for synthesis but will be used in implementation. Impacted constraints are listed in the file [.Xil/Top_propImpl.xdc].
Resolution: To avoid this warning, move constraints listed in [.Xil/Top_propImpl.xdc] to another XDC file and exclude this new file from synthesis with the used_in_synthesis property (File Properties dialog in GUI) and re-run elaboration/synthesis.
Completed Processing XDC Constraints

INFO: [Project 1-111] Unisim Transformation Summary:
No Unisim elements were transformed.

Constraint Validation Runtime : Time (s): cpu = 00:00:00 ; elapsed = 00:00:00.001 . Memory (MB): peak = 643.246 ; gain = 0.000
---------------------------------------------------------------------------------
Finished Constraint Validation : Time (s): cpu = 00:00:01 ; elapsed = 00:00:10 . Memory (MB): peak = 643.246 ; gain = 436.168
---------------------------------------------------------------------------------
---------------------------------------------------------------------------------
Start Loading Part and Timing Information
---------------------------------------------------------------------------------
Loading part: xc7a100tcsg324-1
---------------------------------------------------------------------------------
Finished Loading Part and Timing Information : Time (s): cpu = 00:00:01 ; elapsed = 00:00:10 . Memory (MB): peak = 643.246 ; gain = 436.168
---------------------------------------------------------------------------------
---------------------------------------------------------------------------------
Start Applying 'set_property' XDC Constraints
---------------------------------------------------------------------------------
---------------------------------------------------------------------------------
Finished applying 'set_property' XDC Constraints : Time (s): cpu = 00:00:02 ; elapsed = 00:00:10 . Memory (MB): peak = 643.246 ; gain = 436.168
---------------------------------------------------------------------------------
INFO: [Synth 8-5544] ROM "data_out" won't be mapped to Block RAM because address size (4) smaller than threshold (5)
INFO: [Synth 8-5818] HDL ADVISOR - The operator resource <adder> is shared. To prevent sharing consider applying a KEEP on the output of the operator [E:/work/tju/DE/Final/ball/project_1/project_1.srcs/sources_1/imports/new/VGA_display.v:254]
INFO: [Synth 8-5818] HDL ADVISOR - The operator resource <adder> is shared. To prevent sharing consider applying a KEEP on the output of the operator [E:/work/tju/DE/Final/ball/project_1/project_1.srcs/sources_1/imports/new/VGA_display.v:238]
INFO: [Synth 8-5818] HDL ADVISOR - The operator resource <adder> is shared. To prevent sharing consider applying a KEEP on the output of the operator [E:/work/tju/DE/Final/ball/project_1/project_1.srcs/sources_1/imports/new/VGA_display.v:238]
INFO: [Synth 8-5818] HDL ADVISOR - The operator resource <adder> is shared. To prevent sharing consider applying a KEEP on the output of the operator [E:/work/tju/DE/Final/ball/project_1/project_1.srcs/sources_1/imports/new/VGA_display.v:250]
INFO: [Synth 8-5546] ROM "Vcnt" won't be mapped to RAM because it is too sparse
INFO: [Synth 8-5546] ROM "oHSync" won't be mapped to RAM because it is too sparse
INFO: [Synth 8-5546] ROM "oHSync" won't be mapped to RAM because it is too sparse
INFO: [Synth 8-5546] ROM "oVSync" won't be mapped to RAM because it is too sparse
INFO: [Synth 8-5546] ROM "oVSync" won't be mapped to RAM because it is too sparse
INFO: [Synth 8-5545] ROM "get_block_color" won't be mapped to RAM because address size (32) is larger than maximum supported(25)
INFO: [Synth 8-5545] ROM "get_block_color0" won't be mapped to RAM because address size (32) is larger than maximum supported(25)
INFO: [Synth 8-5546] ROM "Vcnt" won't be mapped to RAM because it is too sparse
INFO: [Synth 8-5546] ROM "oHSync" won't be mapped to RAM because it is too sparse
INFO: [Synth 8-5546] ROM "oHSync" won't be mapped to RAM because it is too sparse
INFO: [Synth 8-5546] ROM "oVSync" won't be mapped to RAM because it is too sparse
INFO: [Synth 8-5546] ROM "oVSync" won't be mapped to RAM because it is too sparse
INFO: [Synth 8-5545] ROM "get_block_color" won't be mapped to RAM because address size (32) is larger than maximum supported(25)
INFO: [Synth 8-5545] ROM "get_block_color0" won't be mapped to RAM because address size (32) is larger than maximum supported(25)
WARNING: [Synth 8-327] inferring latch for variable 'count_reg' [E:/work/tju/DE/Final/ball/project_1/project_1.srcs/sources_1/imports/new/display.v:13]
---------------------------------------------------------------------------------
Finished RTL Optimization Phase 2 : Time (s): cpu = 00:00:02 ; elapsed = 00:00:10 . Memory (MB): peak = 643.246 ; gain = 436.168
---------------------------------------------------------------------------------

Report RTL Partitions: 
+-+--------------+------------+----------+
| |RTL Partition |Replication |Instances |
+-+--------------+------------+----------+
+-+--------------+------------+----------+
---------------------------------------------------------------------------------
Start RTL Component Statistics 
---------------------------------------------------------------------------------
Detailed RTL Component Info : 
+---Adders : 
	   3 Input     32 Bit       Adders := 2     
	   2 Input     32 Bit       Adders := 2     
	   2 Input     15 Bit       Adders := 1     
	   2 Input     10 Bit       Adders := 2     
	   3 Input     10 Bit       Adders := 4     
	   2 Input      6 Bit       Adders := 2     
	   2 Input      4 Bit       Adders := 2     
+---Registers : 
	               15 Bit    Registers := 1     
	               10 Bit    Registers := 8     
	                8 Bit    Registers := 2     
	                4 Bit    Registers := 1     
	                3 Bit    Registers := 2     
	                2 Bit    Registers := 1     
	                1 Bit    Registers := 11    
+---Multipliers : 
	                32x32  Multipliers := 2     
+---Muxes : 
	   2 Input     20 Bit        Muxes := 10    
	   2 Input     15 Bit        Muxes := 2     
	   2 Input     10 Bit        Muxes := 3     
	   2 Input      8 Bit        Muxes := 3     
	  16 Input      8 Bit        Muxes := 2     
	  11 Input      7 Bit        Muxes := 1     
	   2 Input      4 Bit        Muxes := 1     
	   2 Input      3 Bit        Muxes := 12    
	   2 Input      2 Bit        Muxes := 6     
	   2 Input      1 Bit        Muxes := 21    
	   5 Input      1 Bit        Muxes := 1     
---------------------------------------------------------------------------------
Finished RTL Component Statistics 
---------------------------------------------------------------------------------
---------------------------------------------------------------------------------
Start RTL Hierarchical Component Statistics 
---------------------------------------------------------------------------------
Hierarchical RTL Component report 
Module bluetooth_uart_receive 
Detailed RTL Component Info : 
+---Adders : 
	   2 Input     15 Bit       Adders := 1     
	   2 Input      4 Bit       Adders := 1     
+---Registers : 
	               15 Bit    Registers := 1     
	                8 Bit    Registers := 2     
	                4 Bit    Registers := 1     
	                1 Bit    Registers := 5     
+---Muxes : 
	   2 Input     15 Bit        Muxes := 2     
	   2 Input      8 Bit        Muxes := 1     
	   2 Input      4 Bit        Muxes := 1     
	   2 Input      1 Bit        Muxes := 4     
Module display7 
Detailed RTL Component Info : 
+---Adders : 
	   2 Input      4 Bit       Adders := 1     
+---Muxes : 
	  11 Input      7 Bit        Muxes := 1     
Module VGA_display 
Detailed RTL Component Info : 
+---Adders : 
	   3 Input     32 Bit       Adders := 2     
	   2 Input     32 Bit       Adders := 2     
	   2 Input     10 Bit       Adders := 2     
	   3 Input     10 Bit       Adders := 4     
	   2 Input      6 Bit       Adders := 2     
+---Registers : 
	               10 Bit    Registers := 8     
	                3 Bit    Registers := 2     
	                2 Bit    Registers := 1     
	                1 Bit    Registers := 6     
+---Multipliers : 
	                32x32  Multipliers := 2     
+---Muxes : 
	   2 Input     20 Bit        Muxes := 10    
	   2 Input     10 Bit        Muxes := 3     
	   2 Input      8 Bit        Muxes := 2     
	  16 Input      8 Bit        Muxes := 2     
	   2 Input      3 Bit        Muxes := 12    
	   2 Input      2 Bit        Muxes := 6     
	   2 Input      1 Bit        Muxes := 16    
	   5 Input      1 Bit        Muxes := 1     
Module Top_module_of_game 
Detailed RTL Component Info : 
+---Muxes : 
	   2 Input      1 Bit        Muxes := 1     
---------------------------------------------------------------------------------
Finished RTL Hierarchical Component Statistics
---------------------------------------------------------------------------------
---------------------------------------------------------------------------------
Start Part Resource Summary
---------------------------------------------------------------------------------
Part Resources:
DSPs: 240 (col length:80)
BRAMs: 270 (col length: RAMB18 80 RAMB36 40)
---------------------------------------------------------------------------------
Finished Part Resource Summary
---------------------------------------------------------------------------------
Start Parallel Synthesis Optimization  : Time (s): cpu = 00:00:02 ; elapsed = 00:00:10 . Memory (MB): peak = 643.246 ; gain = 436.168
---------------------------------------------------------------------------------
Start Cross Boundary Optimization
---------------------------------------------------------------------------------
INFO: [Synth 8-5546] ROM "VGA_Disp/oHSync" won't be mapped to RAM because it is too sparse
INFO: [Synth 8-5546] ROM "VGA_Disp/oHSync" won't be mapped to RAM because it is too sparse
INFO: [Synth 8-5546] ROM "VGA_Disp/Vcnt" won't be mapped to RAM because it is too sparse
INFO: [Synth 8-5546] ROM "VGA_Disp/oVSync" won't be mapped to RAM because it is too sparse
INFO: [Synth 8-5546] ROM "VGA_Disp/oVSync" won't be mapped to RAM because it is too sparse
DSP Report: Generating DSP VGA_Disp/oRed3, operation Mode is: A*B.
DSP Report: operator VGA_Disp/oRed3 is absorbed into DSP VGA_Disp/oRed3.
DSP Report: operator VGA_Disp/oRed3 is absorbed into DSP VGA_Disp/oRed3.
DSP Report: Generating DSP VGA_Disp/oRed3, operation Mode is: (PCIN>>17)+A*B.
DSP Report: operator VGA_Disp/oRed3 is absorbed into DSP VGA_Disp/oRed3.
DSP Report: operator VGA_Disp/oRed3 is absorbed into DSP VGA_Disp/oRed3.
DSP Report: Generating DSP VGA_Disp/oRed3, operation Mode is: A*B.
DSP Report: operator VGA_Disp/oRed3 is absorbed into DSP VGA_Disp/oRed3.
DSP Report: operator VGA_Disp/oRed3 is absorbed into DSP VGA_Disp/oRed3.
DSP Report: Generating DSP VGA_Disp/oRed3, operation Mode is: (PCIN>>17)+A*B.
DSP Report: operator VGA_Disp/oRed3 is absorbed into DSP VGA_Disp/oRed3.
DSP Report: operator VGA_Disp/oRed3 is absorbed into DSP VGA_Disp/oRed3.
DSP Report: Generating DSP VGA_Disp/oRed3, operation Mode is: A*B.
DSP Report: operator VGA_Disp/oRed3 is absorbed into DSP VGA_Disp/oRed3.
DSP Report: operator VGA_Disp/oRed3 is absorbed into DSP VGA_Disp/oRed3.
DSP Report: Generating DSP VGA_Disp/oRed3, operation Mode is: (PCIN>>17)+A*B.
DSP Report: operator VGA_Disp/oRed3 is absorbed into DSP VGA_Disp/oRed3.
DSP Report: operator VGA_Disp/oRed3 is absorbed into DSP VGA_Disp/oRed3.
DSP Report: Generating DSP VGA_Disp/oRed3, operation Mode is: A*B.
DSP Report: operator VGA_Disp/oRed3 is absorbed into DSP VGA_Disp/oRed3.
DSP Report: operator VGA_Disp/oRed3 is absorbed into DSP VGA_Disp/oRed3.
DSP Report: Generating DSP VGA_Disp/oRed3, operation Mode is: (PCIN>>17)+A*B.
DSP Report: operator VGA_Disp/oRed3 is absorbed into DSP VGA_Disp/oRed3.
DSP Report: operator VGA_Disp/oRed3 is absorbed into DSP VGA_Disp/oRed3.
---------------------------------------------------------------------------------
Finished Cross Boundary Optimization : Time (s): cpu = 00:00:02 ; elapsed = 00:00:10 . Memory (MB): peak = 643.246 ; gain = 436.168
---------------------------------------------------------------------------------
Finished Parallel Reinference  : Time (s): cpu = 00:00:02 ; elapsed = 00:00:10 . Memory (MB): peak = 643.246 ; gain = 436.168

Report RTL Partitions: 
+-+--------------+------------+----------+
| |RTL Partition |Replication |Instances |
+-+--------------+------------+----------+
+-+--------------+------------+----------+
---------------------------------------------------------------------------------
Start ROM, RAM, DSP and Shift Register Reporting
---------------------------------------------------------------------------------

DSP: Preliminary Mapping  Report (see note below)
+-------------------+----------------+--------+--------+--------+--------+--------+------+------+------+------+-------+------+------+
|Module Name        | DSP Mapping    | A Size | B Size | C Size | D Size | P Size | AREG | BREG | CREG | DREG | ADREG | MREG | PREG | 
+-------------------+----------------+--------+--------+--------+--------+--------+------+------+------+------+-------+------+------+
|Top_module_of_game | A*B            | 18     | 16     | -      | -      | 48     | 0    | 0    | -    | -    | -     | 0    | 0    | 
|Top_module_of_game | (PCIN>>17)+A*B | 16     | 16     | -      | -      | 48     | 0    | 0    | -    | -    | -     | 0    | 0    | 
|Top_module_of_game | A*B            | 18     | 18     | -      | -      | 48     | 0    | 0    | -    | -    | -     | 0    | 0    | 
|Top_module_of_game | (PCIN>>17)+A*B | 18     | 16     | -      | -      | 48     | 0    | 0    | -    | -    | -     | 0    | 0    | 
|Top_module_of_game | A*B            | 18     | 16     | -      | -      | 48     | 0    | 0    | -    | -    | -     | 0    | 0    | 
|Top_module_of_game | (PCIN>>17)+A*B | 16     | 16     | -      | -      | 48     | 0    | 0    | -    | -    | -     | 0    | 0    | 
|Top_module_of_game | A*B            | 18     | 18     | -      | -      | 48     | 0    | 0    | -    | -    | -     | 0    | 0    | 
|Top_module_of_game | (PCIN>>17)+A*B | 18     | 16     | -      | -      | 48     | 0    | 0    | -    | -    | -     | 0    | 0    | 
+-------------------+----------------+--------+--------+--------+--------+--------+------+------+------+------+-------+------+------+

Note: The table above is a preliminary report that shows the DSPs inferred at the current stage of the synthesis flow. Some DSP may be reimplemented as non DSP primitives later in the synthesis flow. Multiple instantiated DSPs are reported only once.
---------------------------------------------------------------------------------
Finished ROM, RAM, DSP and Shift Register Reporting
---------------------------------------------------------------------------------
---------------------------------------------------------------------------------
Start Area Optimization
---------------------------------------------------------------------------------
INFO: [Synth 8-3333] propagating constant 0 across sequential element (\game/VGA_Disp/ball_x_pos_reg[0] )
INFO: [Synth 8-3333] propagating constant 0 across sequential element (\game/VGA_Disp/ball_y_pos_reg[0] )
INFO: [Synth 8-3886] merging instance 'game/VGA_Disp/down_pos_reg[0]' (FDRE) to 'game/VGA_Disp/down_pos_reg[4]'
INFO: [Synth 8-3886] merging instance 'game/VGA_Disp/down_pos_reg[1]' (FDSE) to 'game/VGA_Disp/down_pos_reg[2]'
INFO: [Synth 8-3886] merging instance 'game/VGA_Disp/up_pos_reg[0]' (FDRE) to 'game/VGA_Disp/down_pos_reg[4]'
INFO: [Synth 8-3886] merging instance 'game/VGA_Disp/up_pos_reg[1]' (FDRE) to 'game/VGA_Disp/down_pos_reg[4]'
INFO: [Synth 8-3886] merging instance 'game/VGA_Disp/down_pos_reg[2]' (FDSE) to 'game/VGA_Disp/down_pos_reg[3]'
INFO: [Synth 8-3886] merging instance 'game/VGA_Disp/down_pos_reg[3]' (FDSE) to 'game/VGA_Disp/down_pos_reg[5]'
INFO: [Synth 8-3886] merging instance 'game/VGA_Disp/down_pos_reg[4]' (FDRE) to 'game/VGA_Disp/down_pos_reg[6]'
INFO: [Synth 8-3886] merging instance 'game/VGA_Disp/down_pos_reg[5]' (FDSE) to 'game/VGA_Disp/down_pos_reg[7]'
INFO: [Synth 8-3886] merging instance 'game/VGA_Disp/down_pos_reg[6]' (FDRE) to 'game/VGA_Disp/down_pos_reg[9]'
INFO: [Synth 8-3886] merging instance 'game/VGA_Disp/down_pos_reg[7]' (FDSE) to 'game/VGA_Disp/down_pos_reg[8]'
INFO: [Synth 8-3886] merging instance 'game/VGA_Disp/down_pos_reg[8]' (FDSE) to 'game/VGA_Disp/up_pos_reg[4]'
INFO: [Synth 8-3886] merging instance 'game/VGA_Disp/down_pos_reg[9]' (FDRE) to 'game/VGA_Disp/up_pos_reg[2]'
INFO: [Synth 8-3886] merging instance 'game/VGA_Disp/up_pos_reg[2]' (FDRE) to 'game/VGA_Disp/up_pos_reg[3]'
INFO: [Synth 8-3886] merging instance 'game/VGA_Disp/up_pos_reg[3]' (FDRE) to 'game/VGA_Disp/up_pos_reg[5]'
INFO: [Synth 8-3886] merging instance 'game/VGA_Disp/up_pos_reg[4]' (FDSE) to 'game/VGA_Disp/up_pos_reg[7]'
INFO: [Synth 8-3886] merging instance 'game/VGA_Disp/up_pos_reg[5]' (FDRE) to 'game/VGA_Disp/up_pos_reg[6]'
INFO: [Synth 8-3886] merging instance 'game/VGA_Disp/up_pos_reg[6]' (FDRE) to 'game/VGA_Disp/up_pos_reg[9]'
INFO: [Synth 8-3886] merging instance 'game/VGA_Disp/up_pos_reg[7]' (FDSE) to 'game/VGA_Disp/up_pos_reg[8]'
INFO: [Synth 8-3333] propagating constant 1 across sequential element (\game/VGA_Disp/up_pos_reg[8] )
INFO: [Synth 8-3333] propagating constant 0 across sequential element (\game/VGA_Disp/up_pos_reg[9] )
WARNING: [Synth 8-3332] Sequential element (game/VGA_Disp/ball_y_pos_reg[1]) is unused and will be removed from module Top.
WARNING: [Synth 8-3332] Sequential element (game/VGA_Disp/ball_y_pos_reg[0]) is unused and will be removed from module Top.
WARNING: [Synth 8-3332] Sequential element (game/VGA_Disp/ball_x_pos_reg[1]) is unused and will be removed from module Top.
WARNING: [Synth 8-3332] Sequential element (game/VGA_Disp/ball_x_pos_reg[0]) is unused and will be removed from module Top.
WARNING: [Synth 8-3332] Sequential element (game/VGA_Disp/down_pos_reg[7]) is unused and will be removed from module Top.
WARNING: [Synth 8-3332] Sequential element (game/VGA_Disp/down_pos_reg[5]) is unused and will be removed from module Top.
WARNING: [Synth 8-3332] Sequential element (game/VGA_Disp/down_pos_reg[3]) is unused and will be removed from module Top.
WARNING: [Synth 8-3332] Sequential element (game/VGA_Disp/down_pos_reg[2]) is unused and will be removed from module Top.
WARNING: [Synth 8-3332] Sequential element (game/VGA_Disp/down_pos_reg[1]) is unused and will be removed from module Top.
WARNING: [Synth 8-3332] Sequential element (game/VGA_Disp/down_pos_reg[0]) is unused and will be removed from module Top.
WARNING: [Synth 8-3332] Sequential element (game/VGA_Disp/down_pos_reg[4]) is unused and will be removed from module Top.
WARNING: [Synth 8-3332] Sequential element (game/VGA_Disp/up_pos_reg[0]) is unused and will be removed from module Top.
WARNING: [Synth 8-3332] Sequential element (game/VGA_Disp/up_pos_reg[1]) is unused and will be removed from module Top.
WARNING: [Synth 8-3332] Sequential element (game/VGA_Disp/down_pos_reg[6]) is unused and will be removed from module Top.
WARNING: [Synth 8-3332] Sequential element (game/VGA_Disp/down_pos_reg[9]) is unused and will be removed from module Top.
WARNING: [Synth 8-3332] Sequential element (game/VGA_Disp/up_pos_reg[4]) is unused and will be removed from module Top.
WARNING: [Synth 8-3332] Sequential element (game/VGA_Disp/down_pos_reg[8]) is unused and will be removed from module Top.
WARNING: [Synth 8-3332] Sequential element (game/VGA_Disp/up_pos_reg[2]) is unused and will be removed from module Top.
WARNING: [Synth 8-3332] Sequential element (game/VGA_Disp/up_pos_reg[3]) is unused and will be removed from module Top.
WARNING: [Synth 8-3332] Sequential element (game/VGA_Disp/up_pos_reg[5]) is unused and will be removed from module Top.
WARNING: [Synth 8-3332] Sequential element (game/VGA_Disp/up_pos_reg[7]) is unused and will be removed from module Top.
WARNING: [Synth 8-3332] Sequential element (game/VGA_Disp/up_pos_reg[6]) is unused and will be removed from module Top.
WARNING: [Synth 8-3332] Sequential element (game/VGA_Disp/up_pos_reg[9]) is unused and will be removed from module Top.
WARNING: [Synth 8-3332] Sequential element (game/VGA_Disp/up_pos_reg[8]) is unused and will be removed from module Top.
---------------------------------------------------------------------------------
Finished Area Optimization : Time (s): cpu = 00:00:02 ; elapsed = 00:00:11 . Memory (MB): peak = 643.246 ; gain = 436.168
---------------------------------------------------------------------------------
Finished Parallel Area Optimization  : Time (s): cpu = 00:00:02 ; elapsed = 00:00:11 . Memory (MB): peak = 643.246 ; gain = 436.168

Report RTL Partitions: 
+-+--------------+------------+----------+
| |RTL Partition |Replication |Instances |
+-+--------------+------------+----------+
+-+--------------+------------+----------+
---------------------------------------------------------------------------------
Start Timing Optimization
---------------------------------------------------------------------------------
---------------------------------------------------------------------------------
Start Applying XDC Timing Constraints
---------------------------------------------------------------------------------
---------------------------------------------------------------------------------
Finished Applying XDC Timing Constraints : Time (s): cpu = 00:00:04 ; elapsed = 00:00:18 . Memory (MB): peak = 660.508 ; gain = 453.430
---------------------------------------------------------------------------------
---------------------------------------------------------------------------------
Finished Timing Optimization : Time (s): cpu = 00:00:04 ; elapsed = 00:00:18 . Memory (MB): peak = 660.520 ; gain = 453.441
---------------------------------------------------------------------------------

Report RTL Partitions: 
+-+--------------+------------+----------+
| |RTL Partition |Replication |Instances |
+-+--------------+------------+----------+
+-+--------------+------------+----------+
---------------------------------------------------------------------------------
Start Technology Mapping
---------------------------------------------------------------------------------
---------------------------------------------------------------------------------
Finished Technology Mapping : Time (s): cpu = 00:00:04 ; elapsed = 00:00:19 . Memory (MB): peak = 687.691 ; gain = 480.613
---------------------------------------------------------------------------------
Finished Parallel Technology Mapping Optimization  : Time (s): cpu = 00:00:04 ; elapsed = 00:00:19 . Memory (MB): peak = 687.691 ; gain = 480.613

Report RTL Partitions: 
+-+--------------+------------+----------+
| |RTL Partition |Replication |Instances |
+-+--------------+------------+----------+
+-+--------------+------------+----------+
Finished Parallel Synthesis Optimization  : Time (s): cpu = 00:00:04 ; elapsed = 00:00:19 . Memory (MB): peak = 687.691 ; gain = 480.613
---------------------------------------------------------------------------------
Start IO Insertion
---------------------------------------------------------------------------------
---------------------------------------------------------------------------------
Start Flattening Before IO Insertion
---------------------------------------------------------------------------------
---------------------------------------------------------------------------------
Finished Flattening Before IO Insertion
---------------------------------------------------------------------------------
---------------------------------------------------------------------------------
Start Final Netlist Cleanup
---------------------------------------------------------------------------------
---------------------------------------------------------------------------------
Finished Final Netlist Cleanup
---------------------------------------------------------------------------------
---------------------------------------------------------------------------------
Finished IO Insertion : Time (s): cpu = 00:00:04 ; elapsed = 00:00:19 . Memory (MB): peak = 687.691 ; gain = 480.613
---------------------------------------------------------------------------------

Report Check Netlist: 
+------+------------------+-------+---------+-------+------------------+
|      |Item              |Errors |Warnings |Status |Description       |
+------+------------------+-------+---------+-------+------------------+
|1     |multi_driven_nets |      0|        0|Passed |Multi driven nets |
+------+------------------+-------+---------+-------+------------------+
---------------------------------------------------------------------------------
Start Renaming Generated Instances
---------------------------------------------------------------------------------
---------------------------------------------------------------------------------
Finished Renaming Generated Instances : Time (s): cpu = 00:00:04 ; elapsed = 00:00:19 . Memory (MB): peak = 687.691 ; gain = 480.613
---------------------------------------------------------------------------------

Report RTL Partitions: 
+-+--------------+------------+----------+
| |RTL Partition |Replication |Instances |
+-+--------------+------------+----------+
+-+--------------+------------+----------+
---------------------------------------------------------------------------------
Start Rebuilding User Hierarchy
---------------------------------------------------------------------------------
---------------------------------------------------------------------------------
Finished Rebuilding User Hierarchy : Time (s): cpu = 00:00:04 ; elapsed = 00:00:19 . Memory (MB): peak = 687.691 ; gain = 480.613
---------------------------------------------------------------------------------
---------------------------------------------------------------------------------
Start Renaming Generated Ports
---------------------------------------------------------------------------------
---------------------------------------------------------------------------------
Finished Renaming Generated Ports : Time (s): cpu = 00:00:04 ; elapsed = 00:00:19 . Memory (MB): peak = 687.691 ; gain = 480.613
---------------------------------------------------------------------------------
---------------------------------------------------------------------------------
Start Handling Custom Attributes
---------------------------------------------------------------------------------
---------------------------------------------------------------------------------
Finished Handling Custom Attributes : Time (s): cpu = 00:00:04 ; elapsed = 00:00:19 . Memory (MB): peak = 687.691 ; gain = 480.613
---------------------------------------------------------------------------------
---------------------------------------------------------------------------------
Start Renaming Generated Nets
---------------------------------------------------------------------------------
---------------------------------------------------------------------------------
Finished Renaming Generated Nets : Time (s): cpu = 00:00:04 ; elapsed = 00:00:19 . Memory (MB): peak = 687.691 ; gain = 480.613
---------------------------------------------------------------------------------
---------------------------------------------------------------------------------
Start Writing Synthesis Report
---------------------------------------------------------------------------------

Report BlackBoxes: 
+-+--------------+----------+
| |BlackBox name |Instances |
+-+--------------+----------+
+-+--------------+----------+

Report Cell Usage: 
+------+--------+------+
|      |Cell    |Count |
+------+--------+------+
|1     |BUFG    |     2|
|2     |CARRY4  |    62|
|3     |DSP48E1 |     6|
|4     |LUT1    |    40|
|5     |LUT2    |   197|
|6     |LUT3    |    29|
|7     |LUT4    |    96|
|8     |LUT5    |    33|
|9     |LUT6    |   137|
|10    |MUXF7   |     3|
|11    |FDRE    |   115|
|12    |FDSE    |    18|
|13    |LDC     |     4|
|14    |IBUF    |     5|
|15    |OBUF    |    18|
+------+--------+------+

Report Instance Areas: 
+------+-------------+-----------------------+------+
|      |Instance     |Module                 |Cells |
+------+-------------+-----------------------+------+
|1     |top          |                       |   765|
|2     |  bluetooth  |bluetooth_uart_receive |    97|
|3     |  display    |display7               |    18|
|4     |  game       |Top_module_of_game     |   625|
|5     |    VGA_Disp |VGA_display            |   625|
+------+-------------+-----------------------+------+
---------------------------------------------------------------------------------
Finished Writing Synthesis Report : Time (s): cpu = 00:00:04 ; elapsed = 00:00:19 . Memory (MB): peak = 687.691 ; gain = 480.613
---------------------------------------------------------------------------------
Synthesis finished with 0 errors, 0 critical warnings and 25 warnings.
Synthesis Optimization Runtime : Time (s): cpu = 00:00:03 ; elapsed = 00:00:13 . Memory (MB): peak = 687.691 ; gain = 159.898
Synthesis Optimization Complete : Time (s): cpu = 00:00:04 ; elapsed = 00:00:19 . Memory (MB): peak = 687.691 ; gain = 480.613
INFO: [Project 1-571] Translating synthesized netlist
INFO: [Netlist 29-17] Analyzing 77 Unisim elements for replacement
INFO: [Netlist 29-28] Unisim Transformation completed in 0 CPU seconds
INFO: [Project 1-570] Preparing netlist for logic optimization
INFO: [Opt 31-138] Pushed 1 inverter(s) to 23 load pin(s).
INFO: [Project 1-111] Unisim Transformation Summary:
  A total of 4 instances were transformed.
  LDC => LDCE: 4 instances

INFO: [Common 17-83] Releasing license: Synthesis
68 Infos, 26 Warnings, 1 Critical Warnings and 0 Errors encountered.
synth_design completed successfully
synth_design: Time (s): cpu = 00:00:04 ; elapsed = 00:00:17 . Memory (MB): peak = 687.691 ; gain = 463.328
report_utilization: Time (s): cpu = 00:00:00 ; elapsed = 00:00:00.010 . Memory (MB): peak = 687.691 ; gain = 0.000
INFO: [Common 17-206] Exiting Vivado at Sat Jan 04 12:39:41 2025...
