Unable to capture context for thread 17880 in process 22440, can not generate back trace
Unable to capture context for thread 39804 in process 22440, can not generate back trace
Unable to capture context for thread 26828 in process 22440, can not generate back trace
Unable to capture context for thread 19500 in process 22440, can not generate back trace
Unable to capture context for thread 26952 in process 22440, can not generate back trace
Exception at PC 0x00007FFE1F2BBB93
Printing stacktrace...

Unable to capture context for thread 37744 in process 22440, can not generate back trace
Unable to capture context for thread 18380 in process 22440, can not generate back trace
Unable to capture context for thread 18880 in process 22440, can not generate back trace
Exception at PC 0x00007FFF3020FB4C
Exception at PC 0x00007FFF3020FB4C
Exception at PC 0x00007FFF3020FB4C
Exception at PC 0x00007FFF3020FB4C
Exception at PC 0x00007FFF3020FB4C
Exception at PC 0x00007FFF3020FB4C
[0]  [0x00007FFE1F2BBB93]
[1]  [0x00007FFE1F2BBB93]
[2]  [0x00007FFE1F2BB4A1]
[3]  [0x00007FFE1F2BB459]
[4]  [0x00007FFE1F2A19FE]
[5]  [0x00007FFE1F2A0ED1]
[6]  [0x00007FFE1F2A0D76]
[7]  [0x00007FFE1F2479F6]
[8]  [0x00007FFE1F237AFB]
[9]  [0x00007FFE1F35E90A]
[10]  [0x00007FFE1F379F87]
[11]  [0x00007FFE1F37A05F]
[12] (BaseThreadInitThunk+0x1d) [0x00007FFF31AD259D]
[13] (RtlUserThreadStart+0x28) [0x00007FFF32CCAF38]
Done
Exception at PC 0x00007FFF3020FB4C
Exception at PC 0x00007FFF3020FB4C
Exception at PC 0x00007FFF3020FB4C
Exception at PC 0x00007FFF3020FB4C
Exception at PC 0x00007FFF3020FB4C
Exception at PC 0x00007FFF3020FB4C
Exception at PC 0x00007FFF3020FB4C
Exception at PC 0x00007FFF3020FB4C
Exception at PC 0x00007FFF3020FB4C
Exception at PC 0x00007FFF3020FB4C
Exception at PC 0x00007FFF3020FB4C
Exception at PC 0x00007FFF3020FB4C
