INFO: [VRFC 10-2263] Analyzing SystemVerilog file "F:/Program/Xilinx/Vivado/2016.2/data/ip/xpm/xpm_memory/hdl/xpm_memory_base.sv" into library xil_defaultlib
INFO: [VRFC 10-311] analyzing module xpm_memory_base
INFO: [VRFC 10-2263] Analyzing SystemVerilog file "F:/Program/Xilinx/Vivado/2016.2/data/ip/xpm/xpm_memory/hdl/xpm_memory_dpdistram.sv" into library xil_defaultlib
INFO: [VRFC 10-311] analyzing module xpm_memory_dpdistram
INFO: [VRFC 10-2263] Analyzing SystemVerilog file "F:/Program/Xilinx/Vivado/2016.2/data/ip/xpm/xpm_memory/hdl/xpm_memory_dprom.sv" into library xil_defaultlib
INFO: [VRFC 10-311] analyzing module xpm_memory_dprom
INFO: [VRFC 10-2263] Analyzing SystemVerilog file "F:/Program/Xilinx/Vivado/2016.2/data/ip/xpm/xpm_memory/hdl/xpm_memory_sdpram.sv" into library xil_defaultlib
INFO: [VRFC 10-311] analyzing module xpm_memory_sdpram
INFO: [VRFC 10-2263] Analyzing SystemVerilog file "F:/Program/Xilinx/Vivado/2016.2/data/ip/xpm/xpm_memory/hdl/xpm_memory_spram.sv" into library xil_defaultlib
INFO: [VRFC 10-311] analyzing module xpm_memory_spram
INFO: [VRFC 10-2263] Analyzing SystemVerilog file "F:/Program/Xilinx/Vivado/2016.2/data/ip/xpm/xpm_memory/hdl/xpm_memory_sprom.sv" into library xil_defaultlib
INFO: [VRFC 10-311] analyzing module xpm_memory_sprom
INFO: [VRFC 10-2263] Analyzing SystemVerilog file "F:/Program/Xilinx/Vivado/2016.2/data/ip/xpm/xpm_memory/hdl/xpm_memory_tdpram.sv" into library xil_defaultlib
INFO: [VRFC 10-311] analyzing module xpm_memory_tdpram
INFO: [VRFC 10-2263] Analyzing Verilog file "E:/work/tju/DE/Final/ball/project_1/project_1.ip_user_files/ipstatic/blk_mem_gen_v8_3_3/simulation/blk_mem_gen_v8_3.v" into library blk_mem_gen_v8_3_3
INFO: [VRFC 10-311] analyzing module STATE_LOGIC_v8_3
INFO: [VRFC 10-311] analyzing module beh_vlog_muxf7_v8_3
INFO: [VRFC 10-311] analyzing module beh_vlog_ff_clr_v8_3
INFO: [VRFC 10-311] analyzing module beh_vlog_ff_pre_v8_3
INFO: [VRFC 10-311] analyzing module beh_vlog_ff_ce_clr_v8_3
INFO: [VRFC 10-311] analyzing module write_netlist_v8_3
INFO: [VRFC 10-311] analyzing module read_netlist_v8_3
INFO: [VRFC 10-311] analyzing module blk_mem_axi_write_wrapper_beh_v8_3
INFO: [VRFC 10-311] analyzing module blk_mem_axi_read_wrapper_beh_v8_3
INFO: [VRFC 10-311] analyzing module blk_mem_axi_regs_fwd_v8_3
INFO: [VRFC 10-311] analyzing module blk_mem_gen_v8_3_3_output_stage
INFO: [VRFC 10-311] analyzing module blk_mem_gen_v8_3_3_softecc_output_reg_stage
INFO: [VRFC 10-311] analyzing module blk_mem_gen_v8_3_3_mem_module
INFO: [VRFC 10-311] analyzing module blk_mem_gen_v8_3_3
INFO: [VRFC 10-2263] Analyzing Verilog file "E:/work/tju/DE/Final/ball/project_1/project_1.srcs/sources_1/ip/music_win/sim/music_win.v" into library xil_defaultlib
INFO: [VRFC 10-311] analyzing module music_win
INFO: [VRFC 10-2263] Analyzing Verilog file "E:/work/tju/DE/Final/ball/project_1/project_1.srcs/sources_1/ip/music_lose/sim/music_lose.v" into library xil_defaultlib
INFO: [VRFC 10-311] analyzing module music_lose
INFO: [VRFC 10-2263] Analyzing Verilog file "E:/work/tju/DE/Final/ball/project_1/project_1.srcs/sources_1/ip/music_get/sim/music_get.v" into library xil_defaultlib
INFO: [VRFC 10-311] analyzing module music_get
INFO: [VRFC 10-2263] Analyzing Verilog file "E:/work/tju/DE/Final/ball/project_1/project_1.srcs/sources_1/ip/music_crash/sim/music_crash.v" into library xil_defaultlib
INFO: [VRFC 10-311] analyzing module music_crash
INFO: [VRFC 10-2263] Analyzing Verilog file "E:/work/tju/DE/Final/ball/project_1/project_1.srcs/sources_1/imports/new/divider.v" into library xil_defaultlib
INFO: [VRFC 10-311] analyzing module divider4Times
INFO: [VRFC 10-311] analyzing module Divider
INFO: [VRFC 10-2263] Analyzing Verilog file "E:/work/tju/DE/Final/ball/project_1/project_1.srcs/sources_1/imports/new/game_control.v" into library xil_defaultlib
INFO: [VRFC 10-311] analyzing module game_control
INFO: [VRFC 10-2263] Analyzing Verilog file "E:/work/tju/DE/Final/ball/project_1/project_1.srcs/sources_1/imports/new/mp3.v" into library xil_defaultlib
INFO: [VRFC 10-311] analyzing module MP3_control
INFO: [VRFC 10-2263] Analyzing Verilog file "E:/work/tju/DE/Final/ball/project_1/project_1.srcs/sources_1/imports/new/display.v" into library xil_defaultlib
INFO: [VRFC 10-311] analyzing module display7
INFO: [VRFC 10-2263] Analyzing Verilog file "E:/work/tju/DE/Final/ball/project_1/project_1.srcs/sources_1/imports/new/sound_control.v" into library xil_defaultlib
INFO: [VRFC 10-311] analyzing module sound_control
INFO: [VRFC 10-2263] Analyzing Verilog file "E:/work/tju/DE/Final/ball/project_1/project_1.srcs/sources_1/imports/new/speed_control.v" into library xil_defaultlib
INFO: [VRFC 10-311] analyzing module speed_control
INFO: [VRFC 10-2263] Analyzing Verilog file "E:/work/tju/DE/Final/ball/project_1/project_1.srcs/sources_1/imports/new/Top.v" into library xil_defaultlib
INFO: [VRFC 10-311] analyzing module Top
INFO: [VRFC 10-2263] Analyzing Verilog file "E:/work/tju/DE/Final/ball/project_1/project_1.srcs/sources_1/imports/new/top_tb.v" into library xil_defaultlib
INFO: [VRFC 10-311] analyzing module Top_tb
INFO: [VRFC 10-2263] Analyzing Verilog file "E:/work/tju/DE/Final/ball/project_1/project_1.sim/sim_1/behav/glbl.v" into library xil_defaultlib
INFO: [VRFC 10-311] analyzing module glbl
INFO: [VRFC 10-163] Analyzing VHDL file "F:/Program/Xilinx/Vivado/2016.2/data/ip/xpm/xpm_VCOMP.vhd" into library xpm
